ERROR - 2022-11-19 03:42:34 --> mysqli_sql_exception: Cannot add or update a child row: a foreign key constraint fails (`db_atk`.`barang`, CONSTRAINT `barang_ibfk_1` FOREIGN KEY (`id_satuan`) REFERENCES `satuan` (`id_satuan`)) in C:\xampp\htdocs\atk-tdec\atk-tedc\vendor\codeigniter4\framework\system\Database\MySQLi\Connection.php:292
Stack trace:
#0 C:\xampp\htdocs\atk-tdec\atk-tedc\vendor\codeigniter4\framework\system\Database\MySQLi\Connection.php(292): mysqli->query('INSERT INTO `ba...', 0)
#1 C:\xampp\htdocs\atk-tdec\atk-tedc\vendor\codeigniter4\framework\system\Database\BaseConnection.php(693): CodeIgniter\Database\MySQLi\Connection->execute('INSERT INTO `ba...')
#2 C:\xampp\htdocs\atk-tdec\atk-tedc\vendor\codeigniter4\framework\system\Database\BaseConnection.php(620): CodeIgniter\Database\BaseConnection->simpleQuery('INSERT INTO `ba...')
#3 C:\xampp\htdocs\atk-tdec\atk-tedc\vendor\codeigniter4\framework\system\Database\BaseBuilder.php(1916): CodeIgniter\Database\BaseConnection->query('INSERT INTO `ba...', Array, false)
#4 C:\xampp\htdocs\atk-tdec\atk-tedc\vendor\codeigniter4\framework\system\Model.php(279): CodeIgniter\Database\BaseBuilder->insert()
#5 C:\xampp\htdocs\atk-tdec\atk-tedc\vendor\codeigniter4\framework\system\BaseModel.php(738): CodeIgniter\Model->doInsert(Array)
#6 C:\xampp\htdocs\atk-tdec\atk-tedc\vendor\codeigniter4\framework\system\Model.php(667): CodeIgniter\BaseModel->insert(Array, false)
#7 C:\xampp\htdocs\atk-tdec\atk-tedc\vendor\codeigniter4\framework\system\BaseModel.php(658): CodeIgniter\Model->insert(Array, false)
#8 C:\xampp\htdocs\atk-tdec\atk-tedc\app\Models\BarangModel.php(40): CodeIgniter\BaseModel->save(Array)
#9 C:\xampp\htdocs\atk-tdec\atk-tedc\app\Controllers\Barang.php(56): App\Models\BarangModel->add(Array)
#10 C:\xampp\htdocs\atk-tdec\atk-tedc\app\Controllers\Barang.php(28): App\Controllers\Barang->tambah()
#11 C:\xampp\htdocs\atk-tdec\atk-tedc\vendor\codeigniter4\framework\system\CodeIgniter.php(907): App\Controllers\Barang->index()
#12 C:\xampp\htdocs\atk-tdec\atk-tedc\vendor\codeigniter4\framework\system\CodeIgniter.php(457): CodeIgniter\CodeIgniter->runController(Object(App\Controllers\Barang))
#13 C:\xampp\htdocs\atk-tdec\atk-tedc\vendor\codeigniter4\framework\system\CodeIgniter.php(340): CodeIgniter\CodeIgniter->handleRequest(NULL, Object(Config\Cache), false)
#14 C:\xampp\htdocs\atk-tdec\atk-tedc\public\index.php(55): CodeIgniter\CodeIgniter->run()
#15 C:\xampp\htdocs\atk-tdec\atk-tedc\vendor\codeigniter4\framework\system\Commands\Server\rewrite.php(43): require_once('C:\\xampp\\htdocs...')
#16 {main}
CRITICAL - 2022-11-19 03:42:34 --> Cannot add or update a child row: a foreign key constraint fails (`db_atk`.`barang`, CONSTRAINT `barang_ibfk_1` FOREIGN KEY (`id_satuan`) REFERENCES `satuan` (`id_satuan`))
in SYSTEMPATH\Database\MySQLi\Connection.php on line 292.
 1 SYSTEMPATH\Database\MySQLi\Connection.php(292): mysqli->query('INSERT INTO `barang` (`barang`, `id_satuan`, `stok`) VALUES (\'Stop Kontak\', \'\', \'9\')', 0)
 2 SYSTEMPATH\Database\BaseConnection.php(693): CodeIgniter\Database\MySQLi\Connection->execute('INSERT INTO `barang` (`barang`, `id_satuan`, `stok`) VALUES (\'Stop Kontak\', \'\', \'9\')')
 3 SYSTEMPATH\Database\BaseConnection.php(620): CodeIgniter\Database\BaseConnection->simpleQuery('INSERT INTO `barang` (`barang`, `id_satuan`, `stok`) VALUES (\'Stop Kontak\', \'\', \'9\')')
 4 SYSTEMPATH\Database\BaseBuilder.php(1916): CodeIgniter\Database\BaseConnection->query('INSERT INTO `barang` (`barang`, `id_satuan`, `stok`) VALUES (:barang:, :id_satuan:, :stok:)', [...], false)
 5 SYSTEMPATH\Model.php(279): CodeIgniter\Database\BaseBuilder->insert()
 6 SYSTEMPATH\BaseModel.php(738): CodeIgniter\Model->doInsert([...])
 7 SYSTEMPATH\Model.php(667): CodeIgniter\BaseModel->insert([...], false)
 8 SYSTEMPATH\BaseModel.php(658): CodeIgniter\Model->insert([...], false)
 9 APPPATH\Models\BarangModel.php(40): CodeIgniter\BaseModel->save([...])
10 APPPATH\Controllers\Barang.php(56): App\Models\BarangModel->add([...])
11 APPPATH\Controllers\Barang.php(28): App\Controllers\Barang->tambah()
12 SYSTEMPATH\CodeIgniter.php(907): App\Controllers\Barang->index()
13 SYSTEMPATH\CodeIgniter.php(457): CodeIgniter\CodeIgniter->runController(Object(App\Controllers\Barang))
14 SYSTEMPATH\CodeIgniter.php(340): CodeIgniter\CodeIgniter->handleRequest(null, Object(Config\Cache), false)
15 FCPATH\index.php(55): CodeIgniter\CodeIgniter->run()
16 SYSTEMPATH\Commands\Server\rewrite.php(43): require_once('FCPATH\\index.php')
CRITICAL - 2022-11-19 03:43:32 --> Access denied for user 'archie'@'localhost' (using password: YES)
in APPPATH\Views\rekapitulasi\rekapitulasi.php on line 82.
 1 APPPATH\Views\rekapitulasi\rekapitulasi.php(82): mysqli_connect('localhost', 'archie', 'rahasia', 'db_atk')
 2 SYSTEMPATH\View\View.php(213): include('APPPATH\\Views\\rekapitulasi\\rekapitulasi.php')
 3 SYSTEMPATH\View\View.php(216): CodeIgniter\View\View->CodeIgniter\View\{closure}()
 4 SYSTEMPATH\Common.php(1142): CodeIgniter\View\View->render('rekapitulasi/rekapitulasi', [], true)
 5 APPPATH\Controllers\Rekapitulasi.php(80): view('rekapitulasi/rekapitulasi', [...])
 6 SYSTEMPATH\CodeIgniter.php(907): App\Controllers\Rekapitulasi->index()
 7 SYSTEMPATH\CodeIgniter.php(457): CodeIgniter\CodeIgniter->runController(Object(App\Controllers\Rekapitulasi))
 8 SYSTEMPATH\CodeIgniter.php(340): CodeIgniter\CodeIgniter->handleRequest(null, Object(Config\Cache), false)
 9 FCPATH\index.php(55): CodeIgniter\CodeIgniter->run()
10 SYSTEMPATH\Commands\Server\rewrite.php(43): require_once('FCPATH\\index.php')
CRITICAL - 2022-11-19 03:45:57 --> Undefined array key "ID-UNIT-PRODI"
in APPPATH\Controllers\Pengajuan.php on line 233.
 1 APPPATH\Controllers\Pengajuan.php(233): CodeIgniter\Debug\Exceptions->errorHandler(2, 'Undefined array key "ID-UNIT-PRODI"', 'APPPATH\\Controllers\\Pengajuan.php', 233)
 2 SYSTEMPATH\CodeIgniter.php(907): App\Controllers\Pengajuan->statusDikirim()
 3 SYSTEMPATH\CodeIgniter.php(457): CodeIgniter\CodeIgniter->runController(Object(App\Controllers\Pengajuan))
 4 SYSTEMPATH\CodeIgniter.php(340): CodeIgniter\CodeIgniter->handleRequest(null, Object(Config\Cache), false)
 5 FCPATH\index.php(55): CodeIgniter\CodeIgniter->run()
 6 SYSTEMPATH\Commands\Server\rewrite.php(43): require_once('FCPATH\\index.php')
CRITICAL - 2022-11-19 03:47:27 --> Access denied for user 'archie'@'localhost' (using password: YES)
in APPPATH\Views\rekapitulasi\rekapitulasi.php on line 82.
 1 APPPATH\Views\rekapitulasi\rekapitulasi.php(82): mysqli_connect('localhost', 'archie', 'rahasia', 'db_atk')
 2 SYSTEMPATH\View\View.php(213): include('APPPATH\\Views\\rekapitulasi\\rekapitulasi.php')
 3 SYSTEMPATH\View\View.php(216): CodeIgniter\View\View->CodeIgniter\View\{closure}()
 4 SYSTEMPATH\Common.php(1142): CodeIgniter\View\View->render('rekapitulasi/rekapitulasi', [], true)
 5 APPPATH\Controllers\Rekapitulasi.php(80): view('rekapitulasi/rekapitulasi', [...])
 6 SYSTEMPATH\CodeIgniter.php(907): App\Controllers\Rekapitulasi->index()
 7 SYSTEMPATH\CodeIgniter.php(457): CodeIgniter\CodeIgniter->runController(Object(App\Controllers\Rekapitulasi))
 8 SYSTEMPATH\CodeIgniter.php(340): CodeIgniter\CodeIgniter->handleRequest(null, Object(Config\Cache), false)
 9 FCPATH\index.php(55): CodeIgniter\CodeIgniter->run()
10 SYSTEMPATH\Commands\Server\rewrite.php(43): require_once('FCPATH\\index.php')
CRITICAL - 2022-11-19 10:54:46 --> Undefined array key "ID-UNIT-PRODI"
in APPPATH\Controllers\Pengajuan.php on line 233.
 1 APPPATH\Controllers\Pengajuan.php(233): CodeIgniter\Debug\Exceptions->errorHandler(2, 'Undefined array key "ID-UNIT-PRODI"', 'APPPATH\\Controllers\\Pengajuan.php', 233)
 2 SYSTEMPATH\CodeIgniter.php(907): App\Controllers\Pengajuan->statusDikirim()
 3 SYSTEMPATH\CodeIgniter.php(457): CodeIgniter\CodeIgniter->runController(Object(App\Controllers\Pengajuan))
 4 SYSTEMPATH\CodeIgniter.php(340): CodeIgniter\CodeIgniter->handleRequest(null, Object(Config\Cache), false)
 5 FCPATH\index.php(55): CodeIgniter\CodeIgniter->run()
 6 SYSTEMPATH\Commands\Server\rewrite.php(43): require_once('FCPATH\\index.php')
CRITICAL - 2022-11-19 10:54:48 --> Undefined array key "ID-UNIT-PRODI"
in APPPATH\Controllers\Pengajuan.php on line 204.
 1 APPPATH\Controllers\Pengajuan.php(204): CodeIgniter\Debug\Exceptions->errorHandler(2, 'Undefined array key "ID-UNIT-PRODI"', 'APPPATH\\Controllers\\Pengajuan.php', 204)
 2 SYSTEMPATH\CodeIgniter.php(907): App\Controllers\Pengajuan->tampilStatusDalamProses()
 3 SYSTEMPATH\CodeIgniter.php(457): CodeIgniter\CodeIgniter->runController(Object(App\Controllers\Pengajuan))
 4 SYSTEMPATH\CodeIgniter.php(340): CodeIgniter\CodeIgniter->handleRequest(null, Object(Config\Cache), false)
 5 FCPATH\index.php(55): CodeIgniter\CodeIgniter->run()
 6 SYSTEMPATH\Commands\Server\rewrite.php(43): require_once('FCPATH\\index.php')
CRITICAL - 2022-11-19 10:55:15 --> Undefined array key "ID-UNIT-PRODI"
in APPPATH\Controllers\Pengajuan.php on line 204.
 1 APPPATH\Controllers\Pengajuan.php(204): CodeIgniter\Debug\Exceptions->errorHandler(2, 'Undefined array key "ID-UNIT-PRODI"', 'APPPATH\\Controllers\\Pengajuan.php', 204)
 2 SYSTEMPATH\CodeIgniter.php(907): App\Controllers\Pengajuan->tampilStatusDalamProses()
 3 SYSTEMPATH\CodeIgniter.php(457): CodeIgniter\CodeIgniter->runController(Object(App\Controllers\Pengajuan))
 4 SYSTEMPATH\CodeIgniter.php(340): CodeIgniter\CodeIgniter->handleRequest(null, Object(Config\Cache), false)
 5 FCPATH\index.php(55): CodeIgniter\CodeIgniter->run()
 6 SYSTEMPATH\Commands\Server\rewrite.php(43): require_once('FCPATH\\index.php')
CRITICAL - 2022-11-19 10:55:16 --> Undefined array key "ID-UNIT-PRODI"
in APPPATH\Controllers\Pengajuan.php on line 233.
 1 APPPATH\Controllers\Pengajuan.php(233): CodeIgniter\Debug\Exceptions->errorHandler(2, 'Undefined array key "ID-UNIT-PRODI"', 'APPPATH\\Controllers\\Pengajuan.php', 233)
 2 SYSTEMPATH\CodeIgniter.php(907): App\Controllers\Pengajuan->statusDikirim()
 3 SYSTEMPATH\CodeIgniter.php(457): CodeIgniter\CodeIgniter->runController(Object(App\Controllers\Pengajuan))
 4 SYSTEMPATH\CodeIgniter.php(340): CodeIgniter\CodeIgniter->handleRequest(null, Object(Config\Cache), false)
 5 FCPATH\index.php(55): CodeIgniter\CodeIgniter->run()
 6 SYSTEMPATH\Commands\Server\rewrite.php(43): require_once('FCPATH\\index.php')
CRITICAL - 2022-11-19 10:56:15 --> Undefined array key "ID-UNIT-PRODI"
in APPPATH\Controllers\Pengajuan.php on line 204.
 1 APPPATH\Controllers\Pengajuan.php(204): CodeIgniter\Debug\Exceptions->errorHandler(2, 'Undefined array key "ID-UNIT-PRODI"', 'APPPATH\\Controllers\\Pengajuan.php', 204)
 2 SYSTEMPATH\CodeIgniter.php(907): App\Controllers\Pengajuan->tampilStatusDalamProses()
 3 SYSTEMPATH\CodeIgniter.php(457): CodeIgniter\CodeIgniter->runController(Object(App\Controllers\Pengajuan))
 4 SYSTEMPATH\CodeIgniter.php(340): CodeIgniter\CodeIgniter->handleRequest(null, Object(Config\Cache), false)
 5 FCPATH\index.php(55): CodeIgniter\CodeIgniter->run()
 6 SYSTEMPATH\Commands\Server\rewrite.php(43): require_once('FCPATH\\index.php')
CRITICAL - 2022-11-19 10:56:16 --> Undefined array key "ID-UNIT-PRODI"
in APPPATH\Controllers\Pengajuan.php on line 233.
 1 APPPATH\Controllers\Pengajuan.php(233): CodeIgniter\Debug\Exceptions->errorHandler(2, 'Undefined array key "ID-UNIT-PRODI"', 'APPPATH\\Controllers\\Pengajuan.php', 233)
 2 SYSTEMPATH\CodeIgniter.php(907): App\Controllers\Pengajuan->statusDikirim()
 3 SYSTEMPATH\CodeIgniter.php(457): CodeIgniter\CodeIgniter->runController(Object(App\Controllers\Pengajuan))
 4 SYSTEMPATH\CodeIgniter.php(340): CodeIgniter\CodeIgniter->handleRequest(null, Object(Config\Cache), false)
 5 FCPATH\index.php(55): CodeIgniter\CodeIgniter->run()
 6 SYSTEMPATH\Commands\Server\rewrite.php(43): require_once('FCPATH\\index.php')
CRITICAL - 2022-11-19 10:57:15 --> Undefined array key "ID-UNIT-PRODI"
in APPPATH\Controllers\Pengajuan.php on line 204.
 1 APPPATH\Controllers\Pengajuan.php(204): CodeIgniter\Debug\Exceptions->errorHandler(2, 'Undefined array key "ID-UNIT-PRODI"', 'APPPATH\\Controllers\\Pengajuan.php', 204)
 2 SYSTEMPATH\CodeIgniter.php(907): App\Controllers\Pengajuan->tampilStatusDalamProses()
 3 SYSTEMPATH\CodeIgniter.php(457): CodeIgniter\CodeIgniter->runController(Object(App\Controllers\Pengajuan))
 4 SYSTEMPATH\CodeIgniter.php(340): CodeIgniter\CodeIgniter->handleRequest(null, Object(Config\Cache), false)
 5 FCPATH\index.php(55): CodeIgniter\CodeIgniter->run()
 6 SYSTEMPATH\Commands\Server\rewrite.php(43): require_once('FCPATH\\index.php')
CRITICAL - 2022-11-19 10:57:15 --> Undefined array key "ID-UNIT-PRODI"
in APPPATH\Controllers\Pengajuan.php on line 233.
 1 APPPATH\Controllers\Pengajuan.php(233): CodeIgniter\Debug\Exceptions->errorHandler(2, 'Undefined array key "ID-UNIT-PRODI"', 'APPPATH\\Controllers\\Pengajuan.php', 233)
 2 SYSTEMPATH\CodeIgniter.php(907): App\Controllers\Pengajuan->statusDikirim()
 3 SYSTEMPATH\CodeIgniter.php(457): CodeIgniter\CodeIgniter->runController(Object(App\Controllers\Pengajuan))
 4 SYSTEMPATH\CodeIgniter.php(340): CodeIgniter\CodeIgniter->handleRequest(null, Object(Config\Cache), false)
 5 FCPATH\index.php(55): CodeIgniter\CodeIgniter->run()
 6 SYSTEMPATH\Commands\Server\rewrite.php(43): require_once('FCPATH\\index.php')
CRITICAL - 2022-11-19 10:58:15 --> Undefined array key "ID-UNIT-PRODI"
in APPPATH\Controllers\Pengajuan.php on line 204.
 1 APPPATH\Controllers\Pengajuan.php(204): CodeIgniter\Debug\Exceptions->errorHandler(2, 'Undefined array key "ID-UNIT-PRODI"', 'APPPATH\\Controllers\\Pengajuan.php', 204)
 2 SYSTEMPATH\CodeIgniter.php(907): App\Controllers\Pengajuan->tampilStatusDalamProses()
 3 SYSTEMPATH\CodeIgniter.php(457): CodeIgniter\CodeIgniter->runController(Object(App\Controllers\Pengajuan))
 4 SYSTEMPATH\CodeIgniter.php(340): CodeIgniter\CodeIgniter->handleRequest(null, Object(Config\Cache), false)
 5 FCPATH\index.php(55): CodeIgniter\CodeIgniter->run()
 6 SYSTEMPATH\Commands\Server\rewrite.php(43): require_once('FCPATH\\index.php')
CRITICAL - 2022-11-19 10:58:15 --> Undefined array key "ID-UNIT-PRODI"
in APPPATH\Controllers\Pengajuan.php on line 233.
 1 APPPATH\Controllers\Pengajuan.php(233): CodeIgniter\Debug\Exceptions->errorHandler(2, 'Undefined array key "ID-UNIT-PRODI"', 'APPPATH\\Controllers\\Pengajuan.php', 233)
 2 SYSTEMPATH\CodeIgniter.php(907): App\Controllers\Pengajuan->statusDikirim()
 3 SYSTEMPATH\CodeIgniter.php(457): CodeIgniter\CodeIgniter->runController(Object(App\Controllers\Pengajuan))
 4 SYSTEMPATH\CodeIgniter.php(340): CodeIgniter\CodeIgniter->handleRequest(null, Object(Config\Cache), false)
 5 FCPATH\index.php(55): CodeIgniter\CodeIgniter->run()
 6 SYSTEMPATH\Commands\Server\rewrite.php(43): require_once('FCPATH\\index.php')
CRITICAL - 2022-11-19 10:59:02 --> Undefined array key "ID-UNIT-PRODI"
in APPPATH\Controllers\Pengajuan.php on line 204.
 1 APPPATH\Controllers\Pengajuan.php(204): CodeIgniter\Debug\Exceptions->errorHandler(2, 'Undefined array key "ID-UNIT-PRODI"', 'APPPATH\\Controllers\\Pengajuan.php', 204)
 2 SYSTEMPATH\CodeIgniter.php(907): App\Controllers\Pengajuan->tampilStatusDalamProses()
 3 SYSTEMPATH\CodeIgniter.php(457): CodeIgniter\CodeIgniter->runController(Object(App\Controllers\Pengajuan))
 4 SYSTEMPATH\CodeIgniter.php(340): CodeIgniter\CodeIgniter->handleRequest(null, Object(Config\Cache), false)
 5 FCPATH\index.php(55): CodeIgniter\CodeIgniter->run()
 6 SYSTEMPATH\Commands\Server\rewrite.php(43): require_once('FCPATH\\index.php')
CRITICAL - 2022-11-19 10:59:02 --> Undefined array key "ID-UNIT-PRODI"
in APPPATH\Controllers\Pengajuan.php on line 233.
 1 APPPATH\Controllers\Pengajuan.php(233): CodeIgniter\Debug\Exceptions->errorHandler(2, 'Undefined array key "ID-UNIT-PRODI"', 'APPPATH\\Controllers\\Pengajuan.php', 233)
 2 SYSTEMPATH\CodeIgniter.php(907): App\Controllers\Pengajuan->statusDikirim()
 3 SYSTEMPATH\CodeIgniter.php(457): CodeIgniter\CodeIgniter->runController(Object(App\Controllers\Pengajuan))
 4 SYSTEMPATH\CodeIgniter.php(340): CodeIgniter\CodeIgniter->handleRequest(null, Object(Config\Cache), false)
 5 FCPATH\index.php(55): CodeIgniter\CodeIgniter->run()
 6 SYSTEMPATH\Commands\Server\rewrite.php(43): require_once('FCPATH\\index.php')
CRITICAL - 2022-11-19 10:59:02 --> Undefined array key "ID-UNIT-PRODI"
in APPPATH\Controllers\Pengajuan.php on line 204.
 1 APPPATH\Controllers\Pengajuan.php(204): CodeIgniter\Debug\Exceptions->errorHandler(2, 'Undefined array key "ID-UNIT-PRODI"', 'APPPATH\\Controllers\\Pengajuan.php', 204)
 2 SYSTEMPATH\CodeIgniter.php(907): App\Controllers\Pengajuan->tampilStatusDalamProses()
 3 SYSTEMPATH\CodeIgniter.php(457): CodeIgniter\CodeIgniter->runController(Object(App\Controllers\Pengajuan))
 4 SYSTEMPATH\CodeIgniter.php(340): CodeIgniter\CodeIgniter->handleRequest(null, Object(Config\Cache), false)
 5 FCPATH\index.php(55): CodeIgniter\CodeIgniter->run()
 6 SYSTEMPATH\Commands\Server\rewrite.php(43): require_once('FCPATH\\index.php')
CRITICAL - 2022-11-19 10:59:02 --> Undefined array key "ID-UNIT-PRODI"
in APPPATH\Controllers\Pengajuan.php on line 233.
 1 APPPATH\Controllers\Pengajuan.php(233): CodeIgniter\Debug\Exceptions->errorHandler(2, 'Undefined array key "ID-UNIT-PRODI"', 'APPPATH\\Controllers\\Pengajuan.php', 233)
 2 SYSTEMPATH\CodeIgniter.php(907): App\Controllers\Pengajuan->statusDikirim()
 3 SYSTEMPATH\CodeIgniter.php(457): CodeIgniter\CodeIgniter->runController(Object(App\Controllers\Pengajuan))
 4 SYSTEMPATH\CodeIgniter.php(340): CodeIgniter\CodeIgniter->handleRequest(null, Object(Config\Cache), false)
 5 FCPATH\index.php(55): CodeIgniter\CodeIgniter->run()
 6 SYSTEMPATH\Commands\Server\rewrite.php(43): require_once('FCPATH\\index.php')
CRITICAL - 2022-11-19 10:59:06 --> Undefined array key "ID-UNIT-PRODI"
in APPPATH\Controllers\Pengajuan.php on line 204.
 1 APPPATH\Controllers\Pengajuan.php(204): CodeIgniter\Debug\Exceptions->errorHandler(2, 'Undefined array key "ID-UNIT-PRODI"', 'APPPATH\\Controllers\\Pengajuan.php', 204)
 2 SYSTEMPATH\CodeIgniter.php(907): App\Controllers\Pengajuan->tampilStatusDalamProses()
 3 SYSTEMPATH\CodeIgniter.php(457): CodeIgniter\CodeIgniter->runController(Object(App\Controllers\Pengajuan))
 4 SYSTEMPATH\CodeIgniter.php(340): CodeIgniter\CodeIgniter->handleRequest(null, Object(Config\Cache), false)
 5 FCPATH\index.php(55): CodeIgniter\CodeIgniter->run()
 6 SYSTEMPATH\Commands\Server\rewrite.php(43): require_once('FCPATH\\index.php')
CRITICAL - 2022-11-19 10:59:06 --> Undefined array key "ID-UNIT-PRODI"
in APPPATH\Controllers\Pengajuan.php on line 233.
 1 APPPATH\Controllers\Pengajuan.php(233): CodeIgniter\Debug\Exceptions->errorHandler(2, 'Undefined array key "ID-UNIT-PRODI"', 'APPPATH\\Controllers\\Pengajuan.php', 233)
 2 SYSTEMPATH\CodeIgniter.php(907): App\Controllers\Pengajuan->statusDikirim()
 3 SYSTEMPATH\CodeIgniter.php(457): CodeIgniter\CodeIgniter->runController(Object(App\Controllers\Pengajuan))
 4 SYSTEMPATH\CodeIgniter.php(340): CodeIgniter\CodeIgniter->handleRequest(null, Object(Config\Cache), false)
 5 FCPATH\index.php(55): CodeIgniter\CodeIgniter->run()
 6 SYSTEMPATH\Commands\Server\rewrite.php(43): require_once('FCPATH\\index.php')
CRITICAL - 2022-11-19 10:59:07 --> Undefined array key "ID-UNIT-PRODI"
in APPPATH\Controllers\Pengajuan.php on line 204.
 1 APPPATH\Controllers\Pengajuan.php(204): CodeIgniter\Debug\Exceptions->errorHandler(2, 'Undefined array key "ID-UNIT-PRODI"', 'APPPATH\\Controllers\\Pengajuan.php', 204)
 2 SYSTEMPATH\CodeIgniter.php(907): App\Controllers\Pengajuan->tampilStatusDalamProses()
 3 SYSTEMPATH\CodeIgniter.php(457): CodeIgniter\CodeIgniter->runController(Object(App\Controllers\Pengajuan))
 4 SYSTEMPATH\CodeIgniter.php(340): CodeIgniter\CodeIgniter->handleRequest(null, Object(Config\Cache), false)
 5 FCPATH\index.php(55): CodeIgniter\CodeIgniter->run()
 6 SYSTEMPATH\Commands\Server\rewrite.php(43): require_once('FCPATH\\index.php')
CRITICAL - 2022-11-19 10:59:07 --> Undefined array key "ID-UNIT-PRODI"
in APPPATH\Controllers\Pengajuan.php on line 233.
 1 APPPATH\Controllers\Pengajuan.php(233): CodeIgniter\Debug\Exceptions->errorHandler(2, 'Undefined array key "ID-UNIT-PRODI"', 'APPPATH\\Controllers\\Pengajuan.php', 233)
 2 SYSTEMPATH\CodeIgniter.php(907): App\Controllers\Pengajuan->statusDikirim()
 3 SYSTEMPATH\CodeIgniter.php(457): CodeIgniter\CodeIgniter->runController(Object(App\Controllers\Pengajuan))
 4 SYSTEMPATH\CodeIgniter.php(340): CodeIgniter\CodeIgniter->handleRequest(null, Object(Config\Cache), false)
 5 FCPATH\index.php(55): CodeIgniter\CodeIgniter->run()
 6 SYSTEMPATH\Commands\Server\rewrite.php(43): require_once('FCPATH\\index.php')
CRITICAL - 2022-11-19 10:59:08 --> Undefined array key "ID-UNIT-PRODI"
in APPPATH\Controllers\Pengajuan.php on line 204.
 1 APPPATH\Controllers\Pengajuan.php(204): CodeIgniter\Debug\Exceptions->errorHandler(2, 'Undefined array key "ID-UNIT-PRODI"', 'APPPATH\\Controllers\\Pengajuan.php', 204)
 2 SYSTEMPATH\CodeIgniter.php(907): App\Controllers\Pengajuan->tampilStatusDalamProses()
 3 SYSTEMPATH\CodeIgniter.php(457): CodeIgniter\CodeIgniter->runController(Object(App\Controllers\Pengajuan))
 4 SYSTEMPATH\CodeIgniter.php(340): CodeIgniter\CodeIgniter->handleRequest(null, Object(Config\Cache), false)
 5 FCPATH\index.php(55): CodeIgniter\CodeIgniter->run()
 6 SYSTEMPATH\Commands\Server\rewrite.php(43): require_once('FCPATH\\index.php')
CRITICAL - 2022-11-19 10:59:08 --> Undefined array key "ID-UNIT-PRODI"
in APPPATH\Controllers\Pengajuan.php on line 233.
 1 APPPATH\Controllers\Pengajuan.php(233): CodeIgniter\Debug\Exceptions->errorHandler(2, 'Undefined array key "ID-UNIT-PRODI"', 'APPPATH\\Controllers\\Pengajuan.php', 233)
 2 SYSTEMPATH\CodeIgniter.php(907): App\Controllers\Pengajuan->statusDikirim()
 3 SYSTEMPATH\CodeIgniter.php(457): CodeIgniter\CodeIgniter->runController(Object(App\Controllers\Pengajuan))
 4 SYSTEMPATH\CodeIgniter.php(340): CodeIgniter\CodeIgniter->handleRequest(null, Object(Config\Cache), false)
 5 FCPATH\index.php(55): CodeIgniter\CodeIgniter->run()
 6 SYSTEMPATH\Commands\Server\rewrite.php(43): require_once('FCPATH\\index.php')
